  DrawScene.cpp
C:\usr\CSE4170\include\FreeImage\FreeImage.h(1,1): warning C4819: 현재 코드 페이지(949)에서 표시할 수 없는 문자가 파일에 들어 있습니다. 데이터가 손실되지 않게 하려면 해당 파일을 유니코드 형식으로 저장하십시오.
C:\Users\User\Desktop\학교\3학년 1학기\기초컴퓨터그래픽스\HW3_Base\HW3_S20181632\SunTemple_Texture_PS_GLSL\DrawScene.cpp(446,34): warning C4244: '=': 'int'에서 'GLfloat'(으)로 변환하면서 데이터가 손실될 수 있습니다.
C:\Users\User\Desktop\학교\3학년 1학기\기초컴퓨터그래픽스\HW3_Base\HW3_S20181632\SunTemple_Texture_PS_GLSL\DrawScene.cpp(451,34): warning C4244: '=': 'int'에서 'GLfloat'(으)로 변환하면서 데이터가 손실될 수 있습니다.
C:\Users\User\Desktop\학교\3학년 1학기\기초컴퓨터그래픽스\HW3_Base\HW3_S20181632\SunTemple_Texture_PS_GLSL\DrawScene.cpp(460,34): warning C4244: '=': 'int'에서 'GLfloat'(으)로 변환하면서 데이터가 손실될 수 있습니다.
C:\Users\User\Desktop\학교\3학년 1학기\기초컴퓨터그래픽스\HW3_Base\HW3_S20181632\SunTemple_Texture_PS_GLSL\DrawScene.cpp(465,34): warning C4244: '=': 'int'에서 'GLfloat'(으)로 변환하면서 데이터가 손실될 수 있습니다.
C:\Users\User\Desktop\학교\3학년 1학기\기초컴퓨터그래픽스\HW3_Base\HW3_S20181632\SunTemple_Texture_PS_GLSL\DrawScene.cpp(591,7): warning C4101: 'filename' :참조되지 않은 지역 변수입니다.
C:\Users\User\Desktop\학교\3학년 1학기\기초컴퓨터그래픽스\HW3_Base\HW3_S20181632\SunTemple_Texture_PS_GLSL\DrawScene.cpp(994,6): warning C4101: 'i' :참조되지 않은 지역 변수입니다.
C:\Users\User\Desktop\학교\3학년 1학기\기초컴퓨터그래픽스\HW3_Base\HW3_S20181632\SunTemple_Texture_PS_GLSL\DrawScene.cpp(1057,6): warning C4101: 'i' :참조되지 않은 지역 변수입니다.
C:\Users\User\Desktop\학교\3학년 1학기\기초컴퓨터그래픽스\HW3_Base\HW3_S20181632\SunTemple_Texture_PS_GLSL\DrawScene.cpp(1103,6): warning C4101: 'i' :참조되지 않은 지역 변수입니다.
C:\Users\User\Desktop\학교\3학년 1학기\기초컴퓨터그래픽스\HW3_Base\HW3_S20181632\SunTemple_Texture_PS_GLSL\DrawScene.cpp(1163,6): warning C4101: 'i' :참조되지 않은 지역 변수입니다.
C:\Users\User\Desktop\학교\3학년 1학기\기초컴퓨터그래픽스\HW3_Base\HW3_S20181632\SunTemple_Texture_PS_GLSL\DrawScene.cpp(1224,6): warning C4101: 'i' :참조되지 않은 지역 변수입니다.
C:\Users\User\Desktop\학교\3학년 1학기\기초컴퓨터그래픽스\HW3_Base\HW3_S20181632\SunTemple_Texture_PS_GLSL\DrawScene.cpp(1940,8): warning C4101: 'aspect_ratio' :참조되지 않은 지역 변수입니다.
  main.cpp
C:\usr\CSE4170\include\FreeImage\FreeImage.h(1,1): warning C4819: 현재 코드 페이지(949)에서 표시할 수 없는 문자가 파일에 들어 있습니다. 데이터가 손실되지 않게 하려면 해당 파일을 유니코드 형식으로 저장하십시오.
  LoadScene.cpp
C:\usr\CSE4170\include\FreeImage\FreeImage.h(1,1): warning C4819: 현재 코드 페이지(949)에서 표시할 수 없는 문자가 파일에 들어 있습니다. 데이터가 손실되지 않게 하려면 해당 파일을 유니코드 형식으로 저장하십시오.
  LoadShaders.cpp
  코드를 생성하고 있습니다...
  LINK : C:\Users\User\Desktop\학교\3학년 1학기\기초컴퓨터그래픽스\HW3_Base\HW3_S20181632\x64\Debug\SunTemple_Texture_PS_GLSL.exe을(를) 찾을 수 없거나 마지막 증분 링크에 의해 빌드되지 않았습니다. 전체 링크를 수행하고 있습니다.
  SunTemple_Texture_PS_GLSL.vcxproj -> C:\Users\User\Desktop\학교\3학년 1학기\기초컴퓨터그래픽스\HW3_Base\HW3_S20181632\x64\Debug\SunTemple_Texture_PS_GLSL.exe
